<?xml version="1.0" encoding="UTF-8"?>
<!-- Generated by org.testng.reporters.JUnitReportReporter -->
<testsuite skipped="0" hostname="DESKTOP-H2NQ5S1" name="com.webtest.lhdemo.Admin_Login" tests="1" failures="0" timestamp="2020-11-25T09:48:02 CST" time="25.171" errors="0">
  <testcase name="testLogin1" time="25.171" classname="com.webtest.lhdemo.Admin_Login"/>
  <system-out/>
</testsuite> <!-- com.webtest.lhdemo.Admin_Login -->
