<?xml version="1.0" encoding="UTF-8"?>
<!-- Generated by org.testng.reporters.JUnitReportReporter -->
<testsuite skipped="0" hostname="DESKTOP-6FT6511" name="com.webtest.lhdemo.AntTest" tests="1" failures="0" timestamp="2020-11-18T16:48:43 CST" time="0.000" errors="0">
  <testcase name="test_ant" time="0.000" classname="com.webtest.lhdemo.AntTest"/>
  <system-out/>
</testsuite> <!-- com.webtest.lhdemo.AntTest -->
