<?xml version="1.0" encoding="UTF-8"?>
<!-- Generated by org.testng.reporters.JUnitReportReporter -->
<testsuite skipped="0" hostname="DESKTOP-H2NQ5S1" name="com.webtest.ljjdemo.Site_setting" tests="8" failures="0" timestamp="2020-11-25T13:31:36 CST" time="200.879" errors="0">
  <testcase name="test_forum_title_enter" time="23.524" classname="com.webtest.ljjdemo.Site_setting"/>
  <system-out/>
  <testcase name="test_forum_subtitle_enter" time="23.919" classname="com.webtest.ljjdemo.Site_setting"/>
  <system-out/>
  <testcase name="test_forum_subtitle_enter" time="25.858" classname="com.webtest.ljjdemo.Site_setting"/>
  <system-out/>
  <testcase name="test_forum_title_enter" time="25.642" classname="com.webtest.ljjdemo.Site_setting"/>
  <system-out/>
  <testcase name="test_forum_title_enter" time="24.492" classname="com.webtest.ljjdemo.Site_setting"/>
  <system-out/>
  <testcase name="test_forum_subtitle_enter" time="25.603" classname="com.webtest.ljjdemo.Site_setting"/>
  <system-out/>
  <testcase name="test_forum_title_enter" time="26.717" classname="com.webtest.ljjdemo.Site_setting"/>
  <system-out/>
  <testcase name="test_forum_subtitle_enter" time="25.124" classname="com.webtest.ljjdemo.Site_setting"/>
  <system-out/>
</testsuite> <!-- com.webtest.ljjdemo.Site_setting -->
