<?xml version="1.0" encoding="UTF-8"?>
<!-- Generated by org.testng.reporters.JUnitReportReporter -->
<testsuite skipped="0" hostname="DESKTOP-6FT6511" name="com.webtest.demo.Admin_Login" tests="4" failures="0" timestamp="2020-11-22T19:53:44 CST" time="19.462" errors="0">
  <testcase name="test_Login" time="3.698" classname="com.webtest.demo.Admin_Login"/>
  <system-out/>
  <testcase name="test_Login" time="9.324" classname="com.webtest.demo.Admin_Login"/>
  <system-out/>
  <testcase name="test_Login" time="3.215" classname="com.webtest.demo.Admin_Login"/>
  <system-out/>
  <testcase name="test_Login" time="3.225" classname="com.webtest.demo.Admin_Login"/>
  <system-out/>
</testsuite> <!-- com.webtest.demo.Admin_Login -->
